[2014/04/12 11:30:37] '7'
[2014/04/12 11:30:37] '7'
[2014/04/12 01:15:09] '7'
[2014/04/12 01:15:09] '7'
[2014/04/12 02:14:24] '7'
[2014/04/12 02:14:24] '7'
[2014/04/12 05:07:33] '7'
[2014/04/12 05:07:33] '7'
[2014/04/12 05:21:54] '7'
[2014/04/12 05:21:54] '7'
[2014/04/12 06:49:56] '7'
[2014/04/12 06:49:56] '7'
[2014/04/12 08:29:08] '7'
[2014/04/12 08:29:08] '7'
[2014/04/12 08:45:58] '7'
[2014/04/12 08:45:58] '7'
[2014/04/13 12:15:53] '7'
[2014/04/13 12:15:53] '7'
[2014/04/13 01:55:12] '7'
[2014/04/13 01:55:12] '7'
[2014/04/13 10:20:33] '7'
[2014/04/13 10:20:33] '7'
[2014/04/14 01:26:52] '7'
[2014/04/14 01:26:52] '7'
[2014/04/15 01:22:19] '7'
[2014/04/15 01:22:19] '7'
[2014/04/15 10:46:24] '7'
[2014/04/15 10:46:24] '7'
[2014/04/17 03:13:25] '7'
[2014/04/17 03:13:25] '7'
[2014/04/17 03:18:35] '9'
[2014/04/17 03:18:35] '9'
[2014/04/17 03:20:59] '9'
[2014/04/17 03:20:59] '9'
[2014/04/17 08:17:09] '7'
[2014/04/17 08:17:09] '7'
[2014/04/18 02:09:40] '7'
[2014/04/18 02:09:40] '7'
[2014/04/18 02:25:52] '7'
[2014/04/18 02:25:52] '7'
[2014/04/18 01:21:02] '7'
[2014/04/18 01:21:02] '7'
[2014/04/18 01:24:21] '7'
[2014/04/18 01:24:21] '7'
[2014/04/18 05:45:09] '7'
[2014/04/18 05:45:09] '7'
[2014/04/18 07:57:34] '7'
[2014/04/18 07:57:34] '7'
[2014/04/18 11:29:52] '7'
[2014/04/18 11:29:52] '7'
[2014/04/19 12:22:40] '7'
[2014/04/19 12:22:40] '7'
[2014/04/19 01:04:25] '7'
[2014/04/19 01:04:25] '7'
[2014/04/19 05:55:58] '7'
[2014/04/19 05:55:58] '7'
[2014/04/20 04:48:34] '7'
[2014/04/20 04:48:34] '7'
[2014/04/20 07:06:33] '7'
[2014/04/20 07:06:33] '7'
[2014/04/20 07:34:26] '7'
[2014/04/20 07:34:26] '7'
[2014/04/20 08:53:35] '7'
[2014/04/20 08:53:35] '7'
[2014/04/20 09:12:18] '7'
[2014/04/20 09:12:18] '7'
[2014/04/20 09:30:09] 1
[2014/04/20 09:32:43] 1 : 
[2014/04/20 09:34:35] 1 : 
[2014/04/20 09:36:32] 1 : 7
[2014/04/20 10:04:09] '7'
[2014/04/20 10:04:09] '7'
[2014/04/20 10:07:17] '7'
[2014/04/20 10:07:17] '7'
[2014/04/20 10:12:18] '7'
[2014/04/20 10:12:18] '7'
[2014/04/20 10:16:05] '11'
[2014/04/20 10:16:05] '11'
[2014/04/20 10:31:35] '7'
[2014/04/20 10:31:35] '7'
[2014/04/20 10:35:36] '7'
[2014/04/20 10:35:36] '7'
[2014/04/20 10:37:04] '7'
[2014/04/20 10:37:04] '7'
[2014/04/20 10:48:51] '11'
[2014/04/20 10:48:51] '11'
[2014/04/20 10:53:33] 1 : 11
[2014/04/20 11:07:35] '12'
[2014/04/20 11:07:35] '12'
[2014/04/20 11:35:26] '13'
[2014/04/20 11:35:26] '13'
[2014/04/21 12:01:45] '14'
[2014/04/21 12:01:45] '14'
[2014/04/21 12:03:51] '15'
[2014/04/21 12:03:51] '15'
[2014/04/21 02:26:27] '22'
[2014/04/21 02:26:27] '22'
[2014/04/21 02:39:21] '7'
[2014/04/21 02:39:21] '7'
[2014/04/21 02:49:30] '9'
[2014/04/21 02:49:30] '9'
[2014/04/21 04:50:34] '22'
[2014/04/21 04:50:34] '22'
[2014/04/21 04:57:24] '22'
[2014/04/21 04:57:24] '22'
[2014/04/21 05:03:42] 1 : 22
[2014/04/21 11:04:42] '22'
[2014/04/21 11:04:42] '22'
[2014/04/21 08:45:05] '22'
[2014/04/21 08:45:05] '22'
[2014/04/21 11:29:44] '23'
[2014/04/21 11:29:44] '23'
[2014/04/21 11:32:33] 1 : 23
[2014/04/22 12:52:10] '13'
[2014/04/22 12:52:10] '13'
[2014/04/22 12:52:13] '13'
[2014/04/22 12:52:13] '13'
[2014/04/22 01:49:31] '22'
[2014/04/22 01:49:31] '22'
[2014/04/22 02:15:19] '22'
[2014/04/22 02:15:19] '22'
[2014/04/22 02:42:45] '22'
[2014/04/22 02:42:45] '22'
[2014/04/22 02:44:13] '25'
[2014/04/22 02:44:13] '25'
[2014/04/24 01:19:35] '7'
[2014/04/24 01:19:35] '7'
[2014/04/24 03:30:07] '22'
[2014/04/24 03:30:07] '22'
[2014/04/24 06:07:08] '22'
[2014/04/24 06:07:08] '22'
[2014/04/25 12:00:08] '22'
[2014/04/25 12:00:08] '22'
[2014/04/25 03:34:38] '7'
[2014/04/25 03:34:38] '7'
[2014/04/25 02:40:33] '7'
[2014/04/25 02:40:33] '7'
[2014/04/25 10:49:53] '22'
[2014/04/25 10:49:53] '22'
[2014/04/27 02:17:29] '22'
[2014/04/27 02:17:29] '22'
[2014/04/27 02:20:52] '7'
[2014/04/27 02:20:52] '7'
[2014/04/27 11:12:39] '22'
[2014/04/27 11:12:39] '22'
[2014/04/27 02:23:37] '22'
[2014/04/27 02:23:37] '22'
[2014/04/28 02:13:30] '7'
[2014/04/28 02:13:30] '7'
[2014/04/28 04:33:32] '7'
[2014/04/28 04:33:32] '7'
[2014/04/28 12:01:56] '7'
[2014/04/28 12:01:56] '7'
[2014/04/28 06:49:43] '7'
[2014/04/28 06:49:43] '7'
[2014/04/28 07:27:41] '7'
[2014/04/28 07:27:41] '7'
[2014/04/28 09:48:23] '7'
[2014/04/28 09:48:23] '7'
[2014/04/29 01:16:56] '22'
[2014/04/29 01:16:56] '22'
[2014/05/02 12:51:12] '22'
[2014/05/02 12:51:12] '22'
[2014/05/03 07:46:04] '7'
[2014/05/03 07:46:04] '7'
[2014/05/03 08:25:24] '22'
[2014/05/03 08:25:24] '22'
[2014/05/04 06:24:14] '7'
[2014/05/04 06:24:14] '7'
[2014/05/04 02:31:26] '22'
[2014/05/04 02:31:26] '22'
[2014/05/05 02:33:51] '22'
[2014/05/05 02:33:51] '22'
[2014/05/08 03:28:06] '22'
[2014/05/08 03:28:06] '22'
[2014/05/15 03:36:40] '7'
[2014/05/15 03:36:40] '7'
[2014/09/19 02:26:30] '7'
[2014/09/19 02:26:30] '7'
[2014/09/19 04:23:49] 464552_1411093429.mp4
[2014/09/19 05:00:42] 624294_1411095642.mp4
[2014/09/19 05:00:54] 141646_1411095654.mp4
[2014/09/19 05:00:56] 526736_1411095656.mp4
[2014/09/19 05:01:04] 519925_1411095664.mp4
[2014/09/19 05:01:09] 384374_1411095669.mp4
[2014/09/19 05:05:17] 158838_1411095917.js
[2014/09/19 05:05:28] 372296_1411095928.js
[2014/09/19 05:05:57] 964721_1411095957.jpg
[2014/09/19 05:07:29] 223283_1411096049.jpg
[2014/09/19 05:08:22] 468157_1411096102.png
[2014/09/19 05:10:15] 683631_1411096215.png
